<?xml version="1.0" encoding="UTF-8"?>
<testng-results skipped="6" failed="1" total="13" passed="6">
  <reporter-output>
  </reporter-output>
  <suite name="Default suite" duration-ms="68245" started-at="2020-03-06T10:35:04Z" finished-at="2020-03-06T10:36:12Z">
    <groups>
    </groups>
    <test name="Default test" duration-ms="68245" started-at="2020-03-06T10:35:04Z" finished-at="2020-03-06T10:36:12Z">
      <class name="demo.BV_BND">
        <test-method status="PASS" signature="setExtent()[pri:0, instance:demo.BV_BND@d2cc05a]" name="setExtent" is-config="true" duration-ms="373" started-at="2020-03-06T04:35:04Z" finished-at="2020-03-06T04:35:04Z">
          <reporter-output>
          </reporter-output>
        </test-method> <!-- setExtent -->
        <test-method status="PASS" signature="Open_AppianRx()[pri:0, instance:demo.BV_BND@d2cc05a]" name="Open_AppianRx" duration-ms="13994" started-at="2020-03-06T04:35:04Z" finished-at="2020-03-06T04:35:18Z">
          <reporter-output>
          </reporter-output>
        </test-method> <!-- Open_AppianRx -->
        <test-method status="PASS" signature="teardown(org.testng.ITestResult)[pri:0, instance:demo.BV_BND@d2cc05a]" name="teardown" is-config="true" duration-ms="9" started-at="2020-03-06T04:35:18Z" finished-at="2020-03-06T04:35:18Z">
          <params>
            <param index="0">
              <value>
                <![CDATA[[TestResult name=Open_AppianRx status=SUCCESS method=BV_BND.Open_AppianRx()[pri:0, instance:demo.BV_BND@d2cc05a] output={null}]]]>
              </value>
            </param>
          </params>
          <reporter-output>
          </reporter-output>
        </test-method> <!-- teardown -->
        <test-method status="PASS" signature="AppianRx_SignIn()[pri:0, instance:demo.BV_BND@d2cc05a]" name="AppianRx_SignIn" duration-ms="704" started-at="2020-03-06T04:35:18Z" depends-on-methods="demo.BV_BND.Open_AppianRx" finished-at="2020-03-06T04:35:19Z">
          <reporter-output>
          </reporter-output>
        </test-method> <!-- AppianRx_SignIn -->
        <test-method status="PASS" signature="teardown(org.testng.ITestResult)[pri:0, instance:demo.BV_BND@d2cc05a]" name="teardown" is-config="true" duration-ms="0" started-at="2020-03-06T04:35:19Z" finished-at="2020-03-06T04:35:19Z">
          <params>
            <param index="0">
              <value>
                <![CDATA[[TestResult name=AppianRx_SignIn status=SUCCESS method=BV_BND.AppianRx_SignIn()[pri:0, instance:demo.BV_BND@d2cc05a] output={null}]]]>
              </value>
            </param>
          </params>
          <reporter-output>
          </reporter-output>
        </test-method> <!-- teardown -->
        <test-method status="PASS" signature="Open_Intake()[pri:0, instance:demo.BV_BND@d2cc05a]" name="Open_Intake" duration-ms="7596" started-at="2020-03-06T04:35:19Z" depends-on-methods="demo.BV_BND.AppianRx_SignIn" finished-at="2020-03-06T04:35:27Z">
          <reporter-output>
          </reporter-output>
        </test-method> <!-- Open_Intake -->
        <test-method status="PASS" signature="teardown(org.testng.ITestResult)[pri:0, instance:demo.BV_BND@d2cc05a]" name="teardown" is-config="true" duration-ms="0" started-at="2020-03-06T04:35:27Z" finished-at="2020-03-06T04:35:27Z">
          <params>
            <param index="0">
              <value>
                <![CDATA[[TestResult name=Open_Intake status=SUCCESS method=BV_BND.Open_Intake()[pri:0, instance:demo.BV_BND@d2cc05a] output={null}]]]>
              </value>
            </param>
          </params>
          <reporter-output>
          </reporter-output>
        </test-method> <!-- teardown -->
        <test-method status="PASS" signature="Unattended_Faxes()[pri:0, instance:demo.BV_BND@d2cc05a]" name="Unattended_Faxes" duration-ms="7233" started-at="2020-03-06T04:35:27Z" depends-on-methods="demo.BV_BND.Open_Intake" finished-at="2020-03-06T04:35:34Z">
          <reporter-output>
          </reporter-output>
        </test-method> <!-- Unattended_Faxes -->
        <test-method status="PASS" signature="teardown(org.testng.ITestResult)[pri:0, instance:demo.BV_BND@d2cc05a]" name="teardown" is-config="true" duration-ms="0" started-at="2020-03-06T04:35:34Z" finished-at="2020-03-06T04:35:34Z">
          <params>
            <param index="0">
              <value>
                <![CDATA[[TestResult name=Unattended_Faxes status=SUCCESS method=BV_BND.Unattended_Faxes()[pri:0, instance:demo.BV_BND@d2cc05a] output={null}]]]>
              </value>
            </param>
          </params>
          <reporter-output>
          </reporter-output>
        </test-method> <!-- teardown -->
        <test-method status="PASS" signature="Assigned_Faxes()[pri:0, instance:demo.BV_BND@d2cc05a]" name="Assigned_Faxes" duration-ms="8644" started-at="2020-03-06T04:35:34Z" depends-on-methods="demo.BV_BND.Unattended_Faxes" finished-at="2020-03-06T04:35:43Z">
          <reporter-output>
          </reporter-output>
        </test-method> <!-- Assigned_Faxes -->
        <test-method status="PASS" signature="teardown(org.testng.ITestResult)[pri:0, instance:demo.BV_BND@d2cc05a]" name="teardown" is-config="true" duration-ms="0" started-at="2020-03-06T04:35:43Z" finished-at="2020-03-06T04:35:43Z">
          <params>
            <param index="0">
              <value>
                <![CDATA[[TestResult name=Assigned_Faxes status=SUCCESS method=BV_BND.Assigned_Faxes()[pri:0, instance:demo.BV_BND@d2cc05a] output={null}]]]>
              </value>
            </param>
          </params>
          <reporter-output>
          </reporter-output>
        </test-method> <!-- teardown -->
        <test-method status="PASS" signature="SelectPatientTo_Case()[pri:0, instance:demo.BV_BND@d2cc05a]" name="SelectPatientTo_Case" duration-ms="24103" started-at="2020-03-06T04:35:43Z" depends-on-methods="demo.BV_BND.Assigned_Faxes" finished-at="2020-03-06T04:36:07Z">
          <reporter-output>
          </reporter-output>
        </test-method> <!-- SelectPatientTo_Case -->
        <test-method status="PASS" signature="teardown(org.testng.ITestResult)[pri:0, instance:demo.BV_BND@d2cc05a]" name="teardown" is-config="true" duration-ms="0" started-at="2020-03-06T04:36:07Z" finished-at="2020-03-06T04:36:07Z">
          <params>
            <param index="0">
              <value>
                <![CDATA[[TestResult name=SelectPatientTo_Case status=SUCCESS method=BV_BND.SelectPatientTo_Case()[pri:0, instance:demo.BV_BND@d2cc05a] output={null}]]]>
              </value>
            </param>
          </params>
          <reporter-output>
          </reporter-output>
        </test-method> <!-- teardown -->
        <test-method status="FAIL" signature="SelectHCPTo_Case()[pri:0, instance:demo.BV_BND@d2cc05a]" name="SelectHCPTo_Case" duration-ms="4252" started-at="2020-03-06T04:36:07Z" depends-on-methods="demo.BV_BND.SelectPatientTo_Case" finished-at="2020-03-06T04:36:11Z">
          <exception class="org.openqa.selenium.StaleElementReferenceException">
            <message>
              <![CDATA[stale element reference: element is not attached to the page document
  (Session info: chrome=80.0.3987.132)
For documentation on this error, please visit: https://www.seleniumhq.org/exceptions/stale_element_reference.html
Build info: version: '3.141.59', revision: 'e82be7d358', time: '2018-11-14T08:17:03'
System info: host: 'DEL-LAP10', ip: '192.168.56.1', os.name: 'Windows 10', os.arch: 'amd64', os.version: '10.0', java.version: '1.8.0_211'
Driver info: org.openqa.selenium.chrome.ChromeDriver
Capabilities {acceptInsecureCerts: false, browserName: chrome, browserVersion: 80.0.3987.132, chrome: {chromedriverVersion: 80.0.3987.106 (f68069574609..., userDataDir: C:\Users\ashutosh\AppData\L...}, goog:chromeOptions: {debuggerAddress: localhost:51385}, javascriptEnabled: true, networkConnectionEnabled: false, pageLoadStrategy: normal, platform: WINDOWS, platformName: WINDOWS, proxy: Proxy(), setWindowRect: true, strictFileInteractability: false, timeouts: {implicit: 0, pageLoad: 300000, script: 30000}, unhandledPromptBehavior: dismiss and notify}
Session ID: 158bba4570a2539ff6317115ccb6d158]]>
            </message>
            <full-stacktrace>
              <![CDATA[org.openqa.selenium.StaleElementReferenceException: stale element reference: element is not attached to the page document
  (Session info: chrome=80.0.3987.132)
For documentation on this error, please visit: https://www.seleniumhq.org/exceptions/stale_element_reference.html
Build info: version: '3.141.59', revision: 'e82be7d358', time: '2018-11-14T08:17:03'
System info: host: 'DEL-LAP10', ip: '192.168.56.1', os.name: 'Windows 10', os.arch: 'amd64', os.version: '10.0', java.version: '1.8.0_211'
Driver info: org.openqa.selenium.chrome.ChromeDriver
Capabilities {acceptInsecureCerts: false, browserName: chrome, browserVersion: 80.0.3987.132, chrome: {chromedriverVersion: 80.0.3987.106 (f68069574609..., userDataDir: C:\Users\ashutosh\AppData\L...}, goog:chromeOptions: {debuggerAddress: localhost:51385}, javascriptEnabled: true, networkConnectionEnabled: false, pageLoadStrategy: normal, platform: WINDOWS, platformName: WINDOWS, proxy: Proxy(), setWindowRect: true, strictFileInteractability: false, timeouts: {implicit: 0, pageLoad: 300000, script: 30000}, unhandledPromptBehavior: dismiss and notify}
Session ID: 158bba4570a2539ff6317115ccb6d158
	at sun.reflect.NativeConstructorAccessorImpl.newInstance0(Native Method)
	at sun.reflect.NativeConstructorAccessorImpl.newInstance(Unknown Source)
	at sun.reflect.DelegatingConstructorAccessorImpl.newInstance(Unknown Source)
	at java.lang.reflect.Constructor.newInstance(Unknown Source)
	at org.openqa.selenium.remote.http.W3CHttpResponseCodec.createException(W3CHttpResponseCodec.java:187)
	at org.openqa.selenium.remote.http.W3CHttpResponseCodec.decode(W3CHttpResponseCodec.java:122)
	at org.openqa.selenium.remote.http.W3CHttpResponseCodec.decode(W3CHttpResponseCodec.java:49)
	at org.openqa.selenium.remote.HttpCommandExecutor.execute(HttpCommandExecutor.java:158)
	at org.openqa.selenium.remote.service.DriverCommandExecutor.execute(DriverCommandExecutor.java:83)
	at org.openqa.selenium.remote.RemoteWebDriver.execute(RemoteWebDriver.java:552)
	at org.openqa.selenium.remote.RemoteWebElement.execute(RemoteWebElement.java:285)
	at org.openqa.selenium.remote.RemoteWebElement.click(RemoteWebElement.java:84)
	at demo.BV_BND.SelectHCPTo_Case(BV_BND.java:156)
	at sun.reflect.NativeMethodAccessorImpl.invoke0(Native Method)
	at sun.reflect.NativeMethodAccessorImpl.invoke(Unknown Source)
	at sun.reflect.DelegatingMethodAccessorImpl.invoke(Unknown Source)
	at java.lang.reflect.Method.invoke(Unknown Source)
	at org.testng.internal.MethodInvocationHelper.invokeMethod(MethodInvocationHelper.java:80)
	at org.testng.internal.Invoker.invokeMethod(Invoker.java:714)
	at org.testng.internal.Invoker.invokeTestMethod(Invoker.java:901)
	at org.testng.internal.Invoker.invokeTestMethods(Invoker.java:1231)
	at org.testng.internal.TestMethodWorker.invokeTestMethods(TestMethodWorker.java:127)
	at org.testng.internal.TestMethodWorker.run(TestMethodWorker.java:111)
	at org.testng.TestRunner.privateRun(TestRunner.java:767)
	at org.testng.TestRunner.run(TestRunner.java:617)
	at org.testng.SuiteRunner.runTest(SuiteRunner.java:334)
	at org.testng.SuiteRunner.runSequentially(SuiteRunner.java:329)
	at org.testng.SuiteRunner.privateRun(SuiteRunner.java:291)
	at org.testng.SuiteRunner.run(SuiteRunner.java:240)
	at org.testng.SuiteRunnerWorker.runSuite(SuiteRunnerWorker.java:52)
	at org.testng.SuiteRunnerWorker.run(SuiteRunnerWorker.java:86)
	at org.testng.TestNG.runSuitesSequentially(TestNG.java:1198)
	at org.testng.TestNG.runSuitesLocally(TestNG.java:1123)
	at org.testng.TestNG.run(TestNG.java:1031)
	at org.testng.remote.AbstractRemoteTestNG.run(AbstractRemoteTestNG.java:126)
	at org.testng.remote.RemoteTestNG.initAndRun(RemoteTestNG.java:137)
	at org.testng.remote.RemoteTestNG.main(RemoteTestNG.java:58)
]]>
            </full-stacktrace>
          </exception> <!-- org.openqa.selenium.StaleElementReferenceException -->
          <reporter-output>
          </reporter-output>
        </test-method> <!-- SelectHCPTo_Case -->
        <test-method status="PASS" signature="teardown(org.testng.ITestResult)[pri:0, instance:demo.BV_BND@d2cc05a]" name="teardown" is-config="true" duration-ms="554" started-at="2020-03-06T04:36:11Z" finished-at="2020-03-06T04:36:12Z">
          <params>
            <param index="0">
              <value>
                <![CDATA[[TestResult name=SelectHCPTo_Case status=FAILURE method=BV_BND.SelectHCPTo_Case()[pri:0, instance:demo.BV_BND@d2cc05a] output={null}]]]>
              </value>
            </param>
          </params>
          <reporter-output>
          </reporter-output>
        </test-method> <!-- teardown -->
        <test-method status="SKIP" signature="SelectSiteTo_Case()[pri:0, instance:demo.BV_BND@d2cc05a]" name="SelectSiteTo_Case" duration-ms="0" started-at="2020-03-06T04:36:12Z" depends-on-methods="demo.BV_BND.SelectHCPTo_Case" finished-at="2020-03-06T04:36:12Z">
          <reporter-output>
          </reporter-output>
        </test-method> <!-- SelectSiteTo_Case -->
        <test-method status="SKIP" signature="Service_Validation()[pri:0, instance:demo.BV_BND@d2cc05a]" name="Service_Validation" duration-ms="1" started-at="2020-03-06T04:36:12Z" depends-on-methods="demo.BV_BND.SelectSiteTo_Case" finished-at="2020-03-06T04:36:12Z">
          <reporter-output>
          </reporter-output>
        </test-method> <!-- Service_Validation -->
        <test-method status="SKIP" signature="Check_Benefit()[pri:0, instance:demo.BV_BND@d2cc05a]" name="Check_Benefit" duration-ms="0" started-at="2020-03-06T04:36:12Z" depends-on-methods="demo.BV_BND.Service_Validation" finished-at="2020-03-06T04:36:12Z">
          <reporter-output>
          </reporter-output>
        </test-method> <!-- Check_Benefit -->
        <test-method status="SKIP" signature="Proceed()[pri:0, instance:demo.BV_BND@d2cc05a]" name="Proceed" duration-ms="0" started-at="2020-03-06T04:36:12Z" depends-on-methods="demo.BV_BND.Check_Benefit" finished-at="2020-03-06T04:36:12Z">
          <reporter-output>
          </reporter-output>
        </test-method> <!-- Proceed -->
        <test-method status="SKIP" signature="HCP_FAX()[pri:0, instance:demo.BV_BND@d2cc05a]" name="HCP_FAX" duration-ms="1" started-at="2020-03-06T04:36:12Z" depends-on-methods="demo.BV_BND.Proceed" finished-at="2020-03-06T04:36:12Z">
          <reporter-output>
          </reporter-output>
        </test-method> <!-- HCP_FAX -->
        <test-method status="SKIP" signature="KAM_Email()[pri:0, instance:demo.BV_BND@d2cc05a]" name="KAM_Email" duration-ms="1" started-at="2020-03-06T04:36:12Z" depends-on-methods="demo.BV_BND.HCP_FAX" finished-at="2020-03-06T04:36:12Z">
          <reporter-output>
          </reporter-output>
        </test-method> <!-- KAM_Email -->
        <test-method status="PASS" signature="endreport()[pri:0, instance:demo.BV_BND@d2cc05a]" name="endreport" is-config="true" duration-ms="710" started-at="2020-03-06T04:36:12Z" finished-at="2020-03-06T04:36:12Z">
          <reporter-output>
          </reporter-output>
        </test-method> <!-- endreport -->
      </class> <!-- demo.BV_BND -->
    </test> <!-- Default test -->
  </suite> <!-- Default suite -->
</testng-results>
